<?xml version="1.0" encoding="UTF-8"?>
<!-- Generated by org.testng.reporters.JUnitReportReporter -->
<testsuite skipped="0" hostname="LAPTOP-J40Q06J5" name="com.vtiger.testscript.CreateNewLeadTest" tests="1" failures="0" timestamp="01 Nov 2020 14:30:53 GMT" time="16.511" errors="0">
  <testcase name="createLead" time="16.511" classname="com.vtiger.testscript.CreateNewLeadTest"/>
</testsuite> <!-- com.vtiger.testscript.CreateNewLeadTest -->
