<?xml version="1.0" encoding="UTF-8"?>
<!-- Generated by org.testng.reporters.JUnitReportReporter -->
<testsuite skipped="1" hostname="LAPTOP-J40Q06J5" name="PracticeTest.Practice" tests="2" failures="0" timestamp="01 Dec 2020 01:54:55 GMT" time="0.443" errors="0">
  <testcase name="fetchDataFromFile" time="0.443" classname="PracticeTest.Practice"/>
  <testcase name="screenShotpractice" classname="PracticeTest.Practice">
    <skipped/>
  </testcase> <!-- screenShotpractice -->
</testsuite> <!-- PracticeTest.Practice -->
