<?xml version="1.0" encoding="UTF-8"?>
<!-- Generated by org.testng.reporters.JUnitReportReporter -->
<testsuite skipped="0" hostname="LAPTOP-J40Q06J5" name="DemoTestNG.CreateUserTest" tests="1" failures="0" timestamp="23 Oct 2020 14:19:50 GMT" time="0.008" errors="0">
  <testcase name="createUser" time="0.008" classname="DemoTestNG.CreateUserTest"/>
</testsuite> <!-- DemoTestNG.CreateUserTest -->
