<?xml version="1.0" encoding="UTF-8"?>
<!-- Generated by org.testng.reporters.JUnitReportReporter -->
<testsuite skipped="0" hostname="LAPTOP-J40Q06J5" name="DemoTestNG.ScreenShot" tests="1" failures="0" timestamp="30 Oct 2020 13:21:11 GMT" time="7.706" errors="0">
  <testcase name="screenshotdemo" time="7.706" classname="DemoTestNG.ScreenShot"/>
</testsuite> <!-- DemoTestNG.ScreenShot -->
