<?xml version="1.0" encoding="UTF-8"?>
<!-- Generated by org.testng.reporters.JUnitReportReporter -->
<testsuite skipped="0" hostname="LAPTOP-J40Q06J5" name="DemoTestNG.ModifyUserTest" tests="1" failures="0" timestamp="28 Nov 2020 03:13:09 GMT" time="0.008" errors="0">
  <testcase name="modiftUser" time="0.008" classname="DemoTestNG.ModifyUserTest"/>
</testsuite> <!-- DemoTestNG.ModifyUserTest -->
