<?xml version="1.0" encoding="UTF-8"?>
<!-- Generated by org.testng.reporters.JUnitReportReporter -->
<testsuite skipped="0" hostname="LAPTOP-J40Q06J5" name="DemoTestNG.SchedulingTestScript" tests="3" failures="0" timestamp="21 Oct 2020 14:40:55 GMT" time="0.007" errors="0">
  <testcase name="createUser" time="0.005" classname="DemoTestNG.SchedulingTestScript"/>
  <testcase name="modiftUser" time="0.001" classname="DemoTestNG.SchedulingTestScript"/>
  <testcase name="deleteUser" time="0.001" classname="DemoTestNG.SchedulingTestScript"/>
</testsuite> <!-- DemoTestNG.SchedulingTestScript -->
