<?xml version="1.0" encoding="UTF-8"?>
<!-- Generated by org.testng.reporters.JUnitReportReporter -->
<testsuite skipped="0" hostname="LAPTOP-J40Q06J5" name="DemoTestNG.BasicTestNg" tests="3" failures="0" timestamp="21 Oct 2020 17:58:18 GMT" time="0.014" errors="0">
  <testcase name="createUser" time="0.011" classname="DemoTestNG.BasicTestNg"/>
  <testcase name="modifyUser" time="0.002" classname="DemoTestNG.BasicTestNg"/>
  <testcase name="deleteUser" time="0.001" classname="DemoTestNG.BasicTestNg"/>
</testsuite> <!-- DemoTestNG.BasicTestNg -->
